\BOOKMARK [0][-]{label:frontpage.0}{Front page}{}% 1
\BOOKMARK [0][-]{label:titlepage_en.0}{English title page}{}% 2
\BOOKMARK [0][-]{label:titlepage_da.0}{Danish title page}{}% 3
\BOOKMARK [0][-]{label:contents.0}{Contents}{}% 4
\BOOKMARK [0][-]{chapter*.3}{Preface}{}% 5
\BOOKMARK [0][-]{chapter.1}{1 Introduction}{}% 6
\BOOKMARK [0][-]{chapter.2}{2 Structure}{}% 7
\BOOKMARK [0][-]{chapter.3}{3 Verification}{}% 8
\BOOKMARK [0][-]{chapter.4}{4 Simulation}{}% 9
\BOOKMARK [1][-]{section.4.1}{4.1 Drone model}{chapter.4}% 10
\BOOKMARK [1][-]{section.4.2}{4.2 Controller}{chapter.4}% 11
\BOOKMARK [1][-]{section.4.3}{4.3 V-Rep}{chapter.4}% 12
\BOOKMARK [1][-]{section.4.4}{4.4 Drone in real life \(real data\)}{chapter.4}% 13
\BOOKMARK [0][-]{chapter.5}{5 Discussion}{}% 14
\BOOKMARK [0][-]{chapter.6}{6 Conclusion}{}% 15
\BOOKMARK [0][-]{chapter*.6}{Bibliography}{}% 16
\BOOKMARK [0][-]{appendix.A}{A Appendix LaTeX Tips}{}% 17
\BOOKMARK [1][-]{section.A.1}{A.1 Example 1}{appendix.A}% 18
\BOOKMARK [1][-]{section.A.2}{A.2 How Does Sections, Subsections, and Subsections Look?}{appendix.A}% 19
\BOOKMARK [2][-]{subsection.A.2.1}{A.2.1 This is a Subsection}{section.A.2}% 20
\BOOKMARK [1][-]{section.A.3}{A.3 Example 2}{appendix.A}% 21
